  pch.cpp
  Application.cpp
C:\Projects\TrinityEcoSystem\Libs\TrinityEngine\Application.h(3,17): warning C4099: 'GLFWwindow': type name first seen using 'struct' now seen using 'class'
C:\Projects\TrinityEngine\3RDParty\glfw-3.3.1.bin.WIN64\include\GLFW\glfw3.h(1157): message : see declaration of 'GLFWwindow'
  ButtonControl.cpp
  FileRequestorControl.cpp
  FrameBufferControl.cpp
C:\Projects\TrinityEcoSystem\Libs\TrinityEngine\Application.h(3,17): warning C4099: 'GLFWwindow': type name first seen using 'struct' now seen using 'class'
C:\Projects\TrinityEngine\3RDParty\glfw-3.3.1.bin.WIN64\include\GLFW\glfw3.h(1157): message : see declaration of 'GLFWwindow'
  FXImageDraw.cpp
C:\Projects\TrinityEcoSystem\Libs\TrinityEngine\Application.h(3,17): warning C4099: 'GLFWwindow': type name first seen using 'struct' now seen using 'class'
C:\Projects\TrinityEngine\3RDParty\glfw-3.3.1.bin.WIN64\include\GLFW\glfw3.h(1157): message : see declaration of 'GLFWwindow'
  HorizontalSplitterControl.cpp
  IDraw.cpp
C:\Projects\TrinityEcoSystem\Libs\TrinityEngine\Application.h(3,17): warning C4099: 'GLFWwindow': type name first seen using 'struct' now seen using 'class'
C:\Projects\TrinityEngine\3RDParty\glfw-3.3.1.bin.WIN64\include\GLFW\glfw3.h(1157): message : see declaration of 'GLFWwindow'
C:\Projects\TrinityEcoSystem\Libs\TrinityEngine\IDraw.cpp(61,38): warning C4267: 'initializing': conversion from 'size_t' to 'int', possible loss of data
C:\Projects\TrinityEcoSystem\Libs\TrinityEngine\IDraw.cpp(235,15): warning C4244: '=': conversion from 'int' to 'float', possible loss of data
C:\Projects\TrinityEcoSystem\Libs\TrinityEngine\IDraw.cpp(236,17): warning C4244: '=': conversion from 'int' to 'float', possible loss of data
C:\Projects\TrinityEcoSystem\Libs\TrinityEngine\IDraw.cpp(237,17): warning C4244: '=': conversion from 'int' to 'float', possible loss of data
C:\Projects\TrinityEcoSystem\Libs\TrinityEngine\IDraw.cpp(238,15): warning C4244: '=': conversion from 'int' to 'float', possible loss of data
C:\Projects\TrinityEcoSystem\Libs\TrinityEngine\IDraw.cpp(240,15): warning C4244: '=': conversion from 'int' to 'float', possible loss of data
C:\Projects\TrinityEcoSystem\Libs\TrinityEngine\IDraw.cpp(241,15): warning C4244: '=': conversion from 'int' to 'float', possible loss of data
C:\Projects\TrinityEcoSystem\Libs\TrinityEngine\IDraw.cpp(242,17): warning C4244: '=': conversion from 'int' to 'float', possible loss of data
C:\Projects\TrinityEcoSystem\Libs\TrinityEngine\IDraw.cpp(243,17): warning C4244: '=': conversion from 'int' to 'float', possible loss of data
  ImageControl.cpp
  kEffect.cpp
C:\Projects\TrinityEcoSystem\Libs\TrinityEngine\kEffect.cpp(46,6): warning C4101: 'logLength': unreferenced local variable
  kFont.cpp
C:\Projects\TrinityEcoSystem\Libs\TrinityEngine\kFont.cpp(106,9): warning C4244: 'return': conversion from 'float' to 'int', possible loss of data
C:\Projects\TrinityEcoSystem\Libs\TrinityEngine\kFont.cpp(112,40): warning C4244: 'return': conversion from 'float' to 'int', possible loss of data
C:\Projects\TrinityEcoSystem\Libs\TrinityEngine\kFont.cpp(120,11): warning C4244: 'initializing': conversion from 'int' to 'float', possible loss of data
C:\Projects\TrinityEcoSystem\Libs\TrinityEngine\kFont.cpp(133,116): warning C4244: 'argument': conversion from 'float' to 'int', possible loss of data
C:\Projects\TrinityEcoSystem\Libs\TrinityEngine\kFont.cpp(133,73): warning C4244: 'argument': conversion from 'float' to 'int', possible loss of data
C:\Projects\TrinityEcoSystem\Libs\TrinityEngine\kFont.cpp(133,33): warning C4244: 'argument': conversion from 'float' to 'int', possible loss of data
  kFrameBuffer.cpp
C:\Projects\TrinityEcoSystem\Libs\TrinityEngine\Application.h(3,17): warning C4099: 'GLFWwindow': type name first seen using 'struct' now seen using 'class'
C:\Projects\TrinityEngine\3RDParty\glfw-3.3.1.bin.WIN64\include\GLFW\glfw3.h(1157): message : see declaration of 'GLFWwindow'
  ListControl.cpp
  MainMenuControl.cpp
  Map.cpp
C:\Projects\TrinityEcoSystem\Libs\TrinityEngine\Application.h(3,17): warning C4099: 'GLFWwindow': type name first seen using 'struct' now seen using 'class'
C:\Projects\TrinityEngine\3RDParty\glfw-3.3.1.bin.WIN64\include\GLFW\glfw3.h(1157): message : see declaration of 'GLFWwindow'
C:\Projects\TrinityEcoSystem\Libs\TrinityEngine\Map.cpp(54,15): warning C4244: 'initializing': conversion from 'float' to 'int', possible loss of data
C:\Projects\TrinityEcoSystem\Libs\TrinityEngine\Map.cpp(55,15): warning C4244: 'initializing': conversion from 'float' to 'int', possible loss of data
C:\Projects\TrinityEcoSystem\Libs\TrinityEngine\Map.cpp(101,15): warning C4244: 'initializing': conversion from 'float' to 'int', possible loss of data
C:\Projects\TrinityEcoSystem\Libs\TrinityEngine\Map.cpp(102,15): warning C4244: 'initializing': conversion from 'float' to 'int', possible loss of data
C:\Projects\TrinityEcoSystem\Libs\TrinityEngine\Map.cpp(115,15): warning C4244: 'initializing': conversion from 'float' to 'int', possible loss of data
C:\Projects\TrinityEcoSystem\Libs\TrinityEngine\Map.cpp(116,15): warning C4244: 'initializing': conversion from 'float' to 'int', possible loss of data
  MapEditControl.cpp
C:\Projects\TrinityEcoSystem\Libs\TrinityEngine\MapEditControl.cpp(45,21): warning C4244: 'argument': conversion from 'int' to 'float', possible loss of data
C:\Projects\TrinityEcoSystem\Libs\TrinityEngine\MapEditControl.cpp(45,16): warning C4244: 'argument': conversion from 'int' to 'float', possible loss of data
  MapTile.cpp
  Texture2D.cpp
C:\Projects\TrinityEcoSystem\Libs\TrinityEngine\Application.h(3,17): warning C4099: 'GLFWwindow': type name first seen using 'struct' now seen using 'class'
C:\Projects\TrinityEngine\3RDParty\glfw-3.3.1.bin.WIN64\include\GLFW\glfw3.h(1157): message : see declaration of 'GLFWwindow'
  TrinityEngine.cpp
  UI.cpp
  UIControl.cpp
C:\Projects\TrinityEcoSystem\Libs\TrinityEngine\UIControl.cpp(47,24): warning C4267: 'return': conversion from 'size_t' to 'int', possible loss of data
  Generating Code...
C:\Projects\TrinityEcoSystem\Libs\TrinityEngine\UI.cpp(210): warning C4715: 'UI::UpdateControl': not all control paths return a value
  Compiling...
  UIEvent.cpp
  UIEventClick.cpp
  UIFont.cpp
  UITheme.cpp
  UITheme_Neon.cpp
C:\Projects\TrinityEcoSystem\Libs\TrinityEngine\UITheme_Neon.cpp(33,138): warning C4305: 'argument': truncation from 'double' to 'float'
  Utils.cpp
C:\Projects\TrinityEcoSystem\Libs\TrinityEngine\Utils.cpp(44,22): warning C4244: 'argument': conversion from 'time_t' to 'unsigned int', possible loss of data
  VerticalSplitterControl.cpp
  WindowControl.cpp
  Generating Code...
  TrinityEngine.vcxproj -> C:\Projects\TrinityEcoSystem\Libs\TrinityEngine\x64\Debug\TrinityEngine.lib
