c:\git\trinity3d-2.0\libs\trinityengine\x64\debug\trinityengine.pch
c:\git\trinity3d-2.0\libs\trinityengine\x64\debug\trinityengine.pdb
c:\git\trinity3d-2.0\libs\trinityengine\x64\debug\trinityengine.idb
c:\git\trinity3d-2.0\libs\trinityengine\x64\debug\pch.obj
c:\git\trinity3d-2.0\libs\trinityengine\x64\debug\uicontrol.obj
c:\git\trinity3d-2.0\libs\trinityengine\x64\debug\ui.obj
c:\git\trinity3d-2.0\libs\trinityengine\x64\debug\trinityengine.obj
c:\git\trinity3d-2.0\libs\trinityengine\x64\debug\texture2d.obj
c:\git\trinity3d-2.0\libs\trinityengine\x64\debug\maptile.obj
c:\git\trinity3d-2.0\libs\trinityengine\x64\debug\mapeditcontrol.obj
c:\git\trinity3d-2.0\libs\trinityengine\x64\debug\map.obj
c:\git\trinity3d-2.0\libs\trinityengine\x64\debug\mainmenucontrol.obj
c:\git\trinity3d-2.0\libs\trinityengine\x64\debug\listcontrol.obj
c:\git\trinity3d-2.0\libs\trinityengine\x64\debug\kframebuffer.obj
c:\git\trinity3d-2.0\libs\trinityengine\x64\debug\kfont.obj
c:\git\trinity3d-2.0\libs\trinityengine\x64\debug\keffect.obj
c:\git\trinity3d-2.0\libs\trinityengine\x64\debug\imagecontrol.obj
c:\git\trinity3d-2.0\libs\trinityengine\x64\debug\idraw.obj
c:\git\trinity3d-2.0\libs\trinityengine\x64\debug\horizontalsplittercontrol.obj
c:\git\trinity3d-2.0\libs\trinityengine\x64\debug\fximagedraw.obj
c:\git\trinity3d-2.0\libs\trinityengine\x64\debug\framebuffercontrol.obj
c:\git\trinity3d-2.0\libs\trinityengine\x64\debug\filerequestorcontrol.obj
c:\git\trinity3d-2.0\libs\trinityengine\x64\debug\buttoncontrol.obj
c:\git\trinity3d-2.0\libs\trinityengine\x64\debug\application.obj
c:\git\trinity3d-2.0\libs\trinityengine\x64\debug\windowcontrol.obj
c:\git\trinity3d-2.0\libs\trinityengine\x64\debug\verticalsplittercontrol.obj
c:\git\trinity3d-2.0\libs\trinityengine\x64\debug\utils.obj
c:\git\trinity3d-2.0\libs\trinityengine\x64\debug\uitheme_neon.obj
c:\git\trinity3d-2.0\libs\trinityengine\x64\debug\uitheme.obj
c:\git\trinity3d-2.0\libs\trinityengine\x64\debug\uifont.obj
c:\git\trinity3d-2.0\libs\trinityengine\x64\debug\uieventclick.obj
c:\git\trinity3d-2.0\libs\trinityengine\x64\debug\uievent.obj
c:\git\trinity3d-2.0\libs\trinityengine\x64\debug\trinityengine.lib
c:\git\trinity3d-2.0\libs\trinityengine\x64\debug\tileseteditor.ilk
c:\git\trinity3d-2.0\libs\trinityengine\x64\debug\tileseteditor.pdb
c:\git\trinity3d-2.0\libs\trinityengine\x64\debug\trinityengine.tlog\cl.command.1.tlog
c:\git\trinity3d-2.0\libs\trinityengine\x64\debug\trinityengine.tlog\cl.read.1.tlog
c:\git\trinity3d-2.0\libs\trinityengine\x64\debug\trinityengine.tlog\cl.write.1.tlog
c:\git\trinity3d-2.0\libs\trinityengine\x64\debug\trinityengine.tlog\lib-link.read.1.tlog
c:\git\trinity3d-2.0\libs\trinityengine\x64\debug\trinityengine.tlog\lib-link.write.1.tlog
c:\git\trinity3d-2.0\libs\trinityengine\x64\debug\trinityengine.tlog\lib.command.1.tlog
